--------
[Thu May  1 19:53:50 2025] [ERROR] Ошибка ввода данных на итерации 2
[Thu May  1 19:53:50 2025] [CRITICAL] Серьезная ошибка в бизнес-логике
--------
[Thu May  1 19:54:01 2025] [DEBUG] Начало работы приложения
[Thu May  1 19:54:01 2025] [INFO] Загружены конфигурационные параметры
[Thu May  1 19:54:01 2025] [WARNING] Необязательный параметр не задан
[Thu May  1 19:54:01 2025] [INFO] Обработка данных, итерация 1
[Thu May  1 19:54:01 2025] [INFO] Обработка данных, итерация 2
[Thu May  1 19:54:01 2025] [ERROR] Ошибка ввода данных на итерации 2
[Thu May  1 19:54:01 2025] [INFO] Обработка данных, итерация 3
[Thu May  1 19:54:01 2025] [CRITICAL] Серьезная ошибка в бизнес-логике
[Thu May  1 19:54:01 2025] [INFO] Завершение работы приложения
--------
[Fri May 16 09:30:13 2025] [DEBUG] Начало работы приложения
[Fri May 16 09:30:13 2025] [INFO] Загружены конфигурационные параметры
[Fri May 16 09:30:13 2025] [WARNING] Необязательный параметр не задан
[Fri May 16 09:30:13 2025] [INFO] Обработка данных, итерация 1
[Fri May 16 09:30:13 2025] [INFO] Обработка данных, итерация 2
[Fri May 16 09:30:13 2025] [ERROR] Ошибка ввода данных на итерации 2
[Fri May 16 09:30:13 2025] [INFO] Обработка данных, итерация 3
[Fri May 16 09:30:13 2025] [CRITICAL] Серьезная ошибка в бизнес-логике
[Fri May 16 09:30:13 2025] [INFO] Завершение работы приложения
--------
[Fri May 16 09:35:06 2025] [DEBUG] Начало работы приложения
[Fri May 16 09:35:06 2025] [INFO] Загружены конфигурационные параметры
[Fri May 16 09:35:06 2025] [WARNING] Необязательный параметр не задан
[Fri May 16 09:35:06 2025] [INFO] Обработка данных, итерация 1
[Fri May 16 09:35:06 2025] [INFO] Обработка данных, итерация 2
[Fri May 16 09:35:06 2025] [ERROR] Ошибка ввода данных на итерации 2
[Fri May 16 09:35:06 2025] [INFO] Обработка данных, итерация 3
[Fri May 16 09:35:06 2025] [CRITICAL] Серьезная ошибка в бизнес-логике
[Fri May 16 09:35:06 2025] [INFO] Завершение работы приложения
[2025-06-01 02:03:3] [DEBUG] Начало работы приложения
[2025-06-01 02:03:3] [INFO] Загружены конфигурационные параметры
[2025-06-01 02:03:3] [WARNING] Необязательный параметр не задан
[2025-06-01 02:03:3] [INFO] Обработка данных, итерация 1
[2025-06-01 02:03:3] [INFO] Обработка данных, итерация 2
[2025-06-01 02:03:3] [ERROR] Ошибка ввода данных на итерации 2
[2025-06-01 02:03:3] [INFO] Обработка данных, итерация 3
[2025-06-01 02:03:3] [CRITICAL] Серьезная ошибка в бизнес-логике
[2025-06-01 02:03:3] [INFO] Завершение работы приложения
[2025-06-06 00:43:55] [DEBUG] Начало работы приложения
[2025-06-06 00:43:55] [INFO] Загружены конфигурационные параметры
[2025-06-06 00:43:55] [WARNING] Необязательный параметр не задан
[2025-06-06 00:43:55] [INFO] Обработка данных, итерация 1
[2025-06-06 00:43:55] [INFO] Обработка данных, итерация 2
[2025-06-06 00:43:55] [ERROR] Ошибка ввода данных на итерации 2
[2025-06-06 00:43:55] [INFO] Обработка данных, итерация 3
[2025-06-06 00:43:55] [CRITICAL] Серьезная ошибка в бизнес-логике
[2025-06-06 00:43:55] [INFO] Завершение работы приложения
